2024-02-22 21:48:04 - app - INFO - ('prakash@yahoo.com',)
2024-02-22 21:48:46 - app - INFO - ('prakash@yahoo.com',)
2024-02-22 21:48:48 - app - INFO - ('prakash@yahoo.com',)
2024-02-22 21:48:51 - app - INFO - ('prakash@yahoo.com',)
2024-02-22 21:48:51 - app - INFO - ('prakash@yahoo.com',)
2024-02-22 21:50:43 - app - INFO - ('prakash@yahoo.com',)
2024-02-22 21:50:46 - app - INFO - ('prakash@yahoo.com',)
2024-02-22 21:50:46 - app - INFO - ('prakash@yahoo.com',)
2024-02-22 21:50:47 - app - INFO - ('prakash@yahoo.com',)
2024-02-22 21:50:47 - app - INFO - ('prakash@yahoo.com',)
2024-02-22 21:50:47 - app - INFO - ('prakash@yahoo.com',)
2024-02-22 21:50:51 - app - INFO - ('prakash@yahoo.com',)
2024-02-22 21:52:14 - app - INFO - ('prakash@yahoo.com',)
2024-02-22 21:52:31 - app - INFO - ('prakash@yahoo.com',)
2024-02-22 21:52:31 - app - INFO - ('prakash@yahoo.com',)
2024-02-22 21:52:32 - app - INFO - ('prakash@yahoo.com',)
2024-02-22 21:52:32 - app - INFO - ('prakash@yahoo.com',)
2024-02-22 21:52:32 - app - INFO - ('prakash@yahoo.com',)
2024-02-22 21:52:37 - app - INFO - ('prakash@yahoo.com',)
2024-02-22 21:53:02 - app - INFO - ('prakash@yahoo.com',)
2024-02-22 21:53:02 - app - INFO - ('asdff',)
2024-02-22 21:53:02 - app - INFO - ('prakash@yahoo.com',)
2024-02-22 21:53:02 - app - INFO - ('asdff',)
2024-02-22 21:53:09 - app - INFO - ('prakash@yahoo.com',)
2024-02-22 21:53:09 - app - INFO - ('2334sewsre',)
2024-02-22 21:54:41 - app - INFO - ('prakash@yahoo.com',)
2024-02-22 21:54:41 - app - INFO - ('2334sewsre',)
2024-02-22 21:54:42 - app - INFO - ('prakash@yahoo.com',)
2024-02-22 21:54:42 - app - INFO - ('2334sewsre',)
2024-02-22 21:54:47 - app - INFO - ('prakash@yahoo.com',)
2024-02-22 21:54:47 - app - INFO - ('asdfadsf',)
2024-02-22 21:55:37 - app - INFO - ('prakash@yahoo.com',)
2024-02-22 21:55:37 - app - INFO - ('asdfadsf',)
2024-02-22 21:55:37 - app - INFO - ImmutableMultiDict([('email', 'prakash@yahoo.com'), ('password', 'asdfadsf')])
2024-02-22 21:55:37 - app - INFO - ('prakash@yahoo.com',)
2024-02-22 21:55:37 - app - INFO - ('asdfadsf',)
2024-02-22 21:55:37 - app - INFO - ImmutableMultiDict([('email', 'prakash@yahoo.com'), ('password', 'asdfadsf')])
2024-02-22 21:55:42 - app - INFO - ('prakash@yahoo.com',)
2024-02-22 21:55:42 - app - INFO - ('asdfasdf',)
2024-02-22 21:55:42 - app - INFO - ImmutableMultiDict([('email', 'prakash@yahoo.com'), ('password', 'asdfasdf')])
2024-02-22 22:00:27 - app - INFO - ('prakash@yahoo.com',)
2024-02-22 22:00:27 - app - INFO - ('ASDasd',)
2024-02-22 22:00:27 - app - INFO - ImmutableMultiDict([('email', 'prakash@yahoo.com'), ('password', 'ASDasd')])
